Analysis & Synthesis report for DE0_CV_Default
Tue Mar 13 21:25:57 2018
Quartus Prime Version 17.1.0 Build 590 10/25/2017 SJ Lite Edition


---------------------
; Table of Contents ;
---------------------
  1. Legal Notice
  2. Analysis & Synthesis Summary
  3. Analysis & Synthesis Settings
  4. Analysis & Synthesis Source Files Read
  5. Analysis & Synthesis Resource Usage Summary
  6. Analysis & Synthesis Resource Utilization by Entity
  7. General Register Statistics
  8. Post-Synthesis Netlist Statistics for Top Partition
  9. Elapsed Time Per Partition
 10. Analysis & Synthesis Messages



----------------
; Legal Notice ;
----------------
Copyright (C) 2017  Intel Corporation. All rights reserved.
Your use of Intel Corporation's design tools, logic functions 
and other software and tools, and its AMPP partner logic 
functions, and any output files from any of the foregoing 
(including device programming or simulation files), and any 
associated documentation or information are expressly subject 
to the terms and conditions of the Intel Program License 
Subscription Agreement, the Intel Quartus Prime License Agreement,
the Intel FPGA IP License Agreement, or other applicable license
agreement, including, without limitation, that your use is for
the sole purpose of programming logic devices manufactured by
Intel and sold by Intel or its authorized distributors.  Please
refer to the applicable agreement for further details.



+-------------------------------------------------------------------------------+
; Analysis & Synthesis Summary                                                  ;
+---------------------------------+---------------------------------------------+
; Analysis & Synthesis Status     ; Successful - Tue Mar 13 21:25:57 2018       ;
; Quartus Prime Version           ; 17.1.0 Build 590 10/25/2017 SJ Lite Edition ;
; Revision Name                   ; DE0_CV_Default                              ;
; Top-level Entity Name           ; TopLevel                                    ;
; Family                          ; Cyclone V                                   ;
; Logic utilization (in ALMs)     ; N/A                                         ;
; Total registers                 ; 0                                           ;
; Total pins                      ; 20                                          ;
; Total virtual pins              ; 0                                           ;
; Total block memory bits         ; 0                                           ;
; Total DSP Blocks                ; 0                                           ;
; Total HSSI RX PCSs              ; 0                                           ;
; Total HSSI PMA RX Deserializers ; 0                                           ;
; Total HSSI TX PCSs              ; 0                                           ;
; Total HSSI PMA TX Serializers   ; 0                                           ;
; Total PLLs                      ; 0                                           ;
; Total DLLs                      ; 0                                           ;
+---------------------------------+---------------------------------------------+


+---------------------------------------------------------------------------------------------------------------------------+
; Analysis & Synthesis Settings                                                                                             ;
+---------------------------------------------------------------------------------+--------------------+--------------------+
; Option                                                                          ; Setting            ; Default Value      ;
+---------------------------------------------------------------------------------+--------------------+--------------------+
; Device                                                                          ; 5CEBA4F23C7        ;                    ;
; Top-level entity name                                                           ; TopLevel           ; DE0_CV_Default     ;
; Family name                                                                     ; Cyclone V          ; Cyclone IV GX      ;
; Use smart compilation                                                           ; On                 ; Off                ;
; Optimization Technique                                                          ; Speed              ; Balanced           ;
; Enable parallel Assembler and TimeQuest Timing Analyzer during compilation      ; On                 ; On                 ;
; Enable compact report table                                                     ; Off                ; Off                ;
; Restructure Multiplexers                                                        ; Auto               ; Auto               ;
; MLAB Add Timing Constraints For Mixed-Port Feed-Through Mode Setting Don't Care ; Off                ; Off                ;
; Create Debugging Nodes for IP Cores                                             ; Off                ; Off                ;
; Preserve fewer node names                                                       ; On                 ; On                 ;
; Intel FPGA IP Evaluation Mode                                                   ; Enable             ; Enable             ;
; Verilog Version                                                                 ; Verilog_2001       ; Verilog_2001       ;
; VHDL Version                                                                    ; VHDL_1993          ; VHDL_1993          ;
; State Machine Processing                                                        ; Auto               ; Auto               ;
; Safe State Machine                                                              ; Off                ; Off                ;
; Extract Verilog State Machines                                                  ; On                 ; On                 ;
; Extract VHDL State Machines                                                     ; On                 ; On                 ;
; Ignore Verilog initial constructs                                               ; Off                ; Off                ;
; Iteration limit for constant Verilog loops                                      ; 5000               ; 5000               ;
; Iteration limit for non-constant Verilog loops                                  ; 250                ; 250                ;
; Add Pass-Through Logic to Inferred RAMs                                         ; On                 ; On                 ;
; Infer RAMs from Raw Logic                                                       ; On                 ; On                 ;
; Parallel Synthesis                                                              ; On                 ; On                 ;
; DSP Block Balancing                                                             ; Auto               ; Auto               ;
; NOT Gate Push-Back                                                              ; On                 ; On                 ;
; Power-Up Don't Care                                                             ; On                 ; On                 ;
; Remove Redundant Logic Cells                                                    ; Off                ; Off                ;
; Remove Duplicate Registers                                                      ; On                 ; On                 ;
; Ignore CARRY Buffers                                                            ; Off                ; Off                ;
; Ignore CASCADE Buffers                                                          ; Off                ; Off                ;
; Ignore GLOBAL Buffers                                                           ; Off                ; Off                ;
; Ignore ROW GLOBAL Buffers                                                       ; Off                ; Off                ;
; Ignore LCELL Buffers                                                            ; Off                ; Off                ;
; Ignore SOFT Buffers                                                             ; On                 ; On                 ;
; Limit AHDL Integers to 32 Bits                                                  ; Off                ; Off                ;
; Carry Chain Length                                                              ; 70                 ; 70                 ;
; Auto Carry Chains                                                               ; On                 ; On                 ;
; Auto Open-Drain Pins                                                            ; On                 ; On                 ;
; Perform WYSIWYG Primitive Resynthesis                                           ; Off                ; Off                ;
; Auto ROM Replacement                                                            ; On                 ; On                 ;
; Auto RAM Replacement                                                            ; On                 ; On                 ;
; Auto DSP Block Replacement                                                      ; On                 ; On                 ;
; Auto Shift Register Replacement                                                 ; Auto               ; Auto               ;
; Allow Shift Register Merging across Hierarchies                                 ; Auto               ; Auto               ;
; Auto Clock Enable Replacement                                                   ; On                 ; On                 ;
; Strict RAM Replacement                                                          ; Off                ; Off                ;
; Allow Synchronous Control Signals                                               ; On                 ; On                 ;
; Force Use of Synchronous Clear Signals                                          ; Off                ; Off                ;
; Auto Resource Sharing                                                           ; Off                ; Off                ;
; Allow Any RAM Size For Recognition                                              ; Off                ; Off                ;
; Allow Any ROM Size For Recognition                                              ; Off                ; Off                ;
; Allow Any Shift Register Size For Recognition                                   ; Off                ; Off                ;
; Use LogicLock Constraints during Resource Balancing                             ; On                 ; On                 ;
; Ignore translate_off and synthesis_off directives                               ; Off                ; Off                ;
; Timing-Driven Synthesis                                                         ; On                 ; On                 ;
; Report Parameter Settings                                                       ; On                 ; On                 ;
; Report Source Assignments                                                       ; On                 ; On                 ;
; Report Connectivity Checks                                                      ; On                 ; On                 ;
; Ignore Maximum Fan-Out Assignments                                              ; Off                ; Off                ;
; Synchronization Register Chain Length                                           ; 3                  ; 3                  ;
; Power Optimization During Synthesis                                             ; Normal compilation ; Normal compilation ;
; HDL message level                                                               ; Level2             ; Level2             ;
; Suppress Register Optimization Related Messages                                 ; Off                ; Off                ;
; Number of Removed Registers Reported in Synthesis Report                        ; 5000               ; 5000               ;
; Number of Swept Nodes Reported in Synthesis Report                              ; 5000               ; 5000               ;
; Number of Inverted Registers Reported in Synthesis Report                       ; 100                ; 100                ;
; Clock MUX Protection                                                            ; On                 ; On                 ;
; Auto Gated Clock Conversion                                                     ; Off                ; Off                ;
; Block Design Naming                                                             ; Auto               ; Auto               ;
; SDC constraint protection                                                       ; Off                ; Off                ;
; Synthesis Effort                                                                ; Auto               ; Auto               ;
; Shift Register Replacement - Allow Asynchronous Clear Signal                    ; On                 ; On                 ;
; Pre-Mapping Resynthesis Optimization                                            ; Off                ; Off                ;
; Analysis & Synthesis Message Level                                              ; Medium             ; Medium             ;
; Disable Register Merging Across Hierarchies                                     ; Auto               ; Auto               ;
; Resource Aware Inference For Block RAM                                          ; On                 ; On                 ;
; Automatic Parallel Synthesis                                                    ; On                 ; On                 ;
; Partial Reconfiguration Bitstream ID                                            ; Off                ; Off                ;
+---------------------------------------------------------------------------------+--------------------+--------------------+


+--------------------------------------------------------------------------------------------------------------------------------------------------------------------+
; Analysis & Synthesis Source Files Read                                                                                                                             ;
+----------------------------------+-----------------+-----------------+-----------------------------------------------------------------------------------+---------+
; File Name with User-Entered Path ; Used in Netlist ; File Type       ; File Name with Absolute Path                                                      ; Library ;
+----------------------------------+-----------------+-----------------+-----------------------------------------------------------------------------------+---------+
; ../src/TopLevel.vhd              ; yes             ; User VHDL File  ; /home/juanjg/Z01-FOLKS/Projetos/C-LogicaCombinacional/src/TopLevel.vhd            ;         ;
; ../src/rtl/Or16.vhd              ; yes             ; User VHDL File  ; /home/juanjg/Z01-FOLKS/Projetos/C-LogicaCombinacional/src/rtl/Or16.vhd            ;         ;
; ../src/rtl/Or8Way.vhd            ; yes             ; User VHDL File  ; /home/juanjg/Z01-FOLKS/Projetos/C-LogicaCombinacional/src/rtl/Or8Way.vhd          ;         ;
; ../src/rtl/Not16.vhd             ; yes             ; User VHDL File  ; /home/juanjg/Z01-FOLKS/Projetos/C-LogicaCombinacional/src/rtl/Not16.vhd           ;         ;
; ../src/rtl/Nor8Way.vhd           ; yes             ; User VHDL File  ; /home/juanjg/Z01-FOLKS/Projetos/C-LogicaCombinacional/src/rtl/Nor8Way.vhd         ;         ;
; ../src/rtl/Nand.vhd              ; yes             ; User VHDL File  ; /home/juanjg/Z01-FOLKS/Projetos/C-LogicaCombinacional/src/rtl/Nand.vhd            ;         ;
; ../src/rtl/Mux16.vhd             ; yes             ; User VHDL File  ; /home/juanjg/Z01-FOLKS/Projetos/C-LogicaCombinacional/src/rtl/Mux16.vhd           ;         ;
; ../src/rtl/Mux8Way16.vhd         ; yes             ; User VHDL File  ; /home/juanjg/Z01-FOLKS/Projetos/C-LogicaCombinacional/src/rtl/Mux8Way16.vhd       ;         ;
; ../src/rtl/Mux8Way.vhd           ; yes             ; User VHDL File  ; /home/juanjg/Z01-FOLKS/Projetos/C-LogicaCombinacional/src/rtl/Mux8Way.vhd         ;         ;
; ../src/rtl/Mux4Way16.vhd         ; yes             ; User VHDL File  ; /home/juanjg/Z01-FOLKS/Projetos/C-LogicaCombinacional/src/rtl/Mux4Way16.vhd       ;         ;
; ../src/rtl/Mux4Way.vhd           ; yes             ; User VHDL File  ; /home/juanjg/Z01-FOLKS/Projetos/C-LogicaCombinacional/src/rtl/Mux4Way.vhd         ;         ;
; ../src/rtl/Mux2Way.vhd           ; yes             ; User VHDL File  ; /home/juanjg/Z01-FOLKS/Projetos/C-LogicaCombinacional/src/rtl/Mux2Way.vhd         ;         ;
; ../src/rtl/DMux8Way.vhd          ; yes             ; User VHDL File  ; /home/juanjg/Z01-FOLKS/Projetos/C-LogicaCombinacional/src/rtl/DMux8Way.vhd        ;         ;
; ../src/rtl/DMux4Way.vhd          ; yes             ; User VHDL File  ; /home/juanjg/Z01-FOLKS/Projetos/C-LogicaCombinacional/src/rtl/DMux4Way.vhd        ;         ;
; ../src/rtl/DMux2Way.vhd          ; yes             ; User VHDL File  ; /home/juanjg/Z01-FOLKS/Projetos/C-LogicaCombinacional/src/rtl/DMux2Way.vhd        ;         ;
; ../src/rtl/BarrelShifter16.vhd   ; yes             ; User VHDL File  ; /home/juanjg/Z01-FOLKS/Projetos/C-LogicaCombinacional/src/rtl/BarrelShifter16.vhd ;         ;
; ../src/rtl/BarrelShifter8.vhd    ; yes             ; User VHDL File  ; /home/juanjg/Z01-FOLKS/Projetos/C-LogicaCombinacional/src/rtl/BarrelShifter8.vhd  ;         ;
; ../src/rtl/And16.vhd             ; yes             ; User VHDL File  ; /home/juanjg/Z01-FOLKS/Projetos/C-LogicaCombinacional/src/rtl/And16.vhd           ;         ;
+----------------------------------+-----------------+-----------------+-----------------------------------------------------------------------------------+---------+


+-----------------------------------------------------+
; Analysis & Synthesis Resource Usage Summary         ;
+---------------------------------------------+-------+
; Resource                                    ; Usage ;
+---------------------------------------------+-------+
; Estimate of Logic utilization (ALMs needed) ; 0     ;
;                                             ;       ;
; Combinational ALUT usage for logic          ; 0     ;
;     -- 7 input functions                    ; 0     ;
;     -- 6 input functions                    ; 0     ;
;     -- 5 input functions                    ; 0     ;
;     -- 4 input functions                    ; 0     ;
;     -- <=3 input functions                  ; 0     ;
;                                             ;       ;
; Dedicated logic registers                   ; 0     ;
;                                             ;       ;
; I/O pins                                    ; 20    ;
;                                             ;       ;
; Total DSP Blocks                            ; 0     ;
;                                             ;       ;
; Maximum fan-out node                        ; SW[1] ;
; Maximum fan-out                             ; 1     ;
; Total fan-out                               ; 21    ;
; Average fan-out                             ; 0.53  ;
+---------------------------------------------+-------+


+----------------------------------------------------------------------------------------------------------------------------------------------------------------------------------------+
; Analysis & Synthesis Resource Utilization by Entity                                                                                                                                    ;
+----------------------------+---------------------+---------------------------+-------------------+------------+------+--------------+---------------------+-------------+--------------+
; Compilation Hierarchy Node ; Combinational ALUTs ; Dedicated Logic Registers ; Block Memory Bits ; DSP Blocks ; Pins ; Virtual Pins ; Full Hierarchy Name ; Entity Name ; Library Name ;
+----------------------------+---------------------+---------------------------+-------------------+------------+------+--------------+---------------------+-------------+--------------+
; |TopLevel                  ; 0 (0)               ; 0 (0)                     ; 0                 ; 0          ; 20   ; 0            ; |TopLevel           ; TopLevel    ; work         ;
+----------------------------+---------------------+---------------------------+-------------------+------------+------+--------------+---------------------+-------------+--------------+
Note: For table entries with two numbers listed, the numbers in parentheses indicate the number of resources of the given type used by the specific entity alone. The numbers listed outside of parentheses indicate the total resources of the given type used by the specific entity and all of its sub-entities in the hierarchy.


+------------------------------------------------------+
; General Register Statistics                          ;
+----------------------------------------------+-------+
; Statistic                                    ; Value ;
+----------------------------------------------+-------+
; Total registers                              ; 0     ;
; Number of registers using Synchronous Clear  ; 0     ;
; Number of registers using Synchronous Load   ; 0     ;
; Number of registers using Asynchronous Clear ; 0     ;
; Number of registers using Asynchronous Load  ; 0     ;
; Number of registers using Clock Enable       ; 0     ;
; Number of registers using Preset             ; 0     ;
+----------------------------------------------+-------+


+-----------------------------------------------------+
; Post-Synthesis Netlist Statistics for Top Partition ;
+-----------------------+-----------------------------+
; Type                  ; Count                       ;
+-----------------------+-----------------------------+
; arriav_lcell_comb     ; 1                           ;
;     normal            ; 1                           ;
;         0 data inputs ; 1                           ;
; boundary_port         ; 20                          ;
;                       ;                             ;
; Max LUT depth         ; 0.00                        ;
; Average LUT depth     ; 0.00                        ;
+-----------------------+-----------------------------+


+-------------------------------+
; Elapsed Time Per Partition    ;
+----------------+--------------+
; Partition Name ; Elapsed Time ;
+----------------+--------------+
; Top            ; 00:00:00     ;
+----------------+--------------+


+-------------------------------+
; Analysis & Synthesis Messages ;
+-------------------------------+
Info: *******************************************************************
Info: Running Quartus Prime Analysis & Synthesis
    Info: Version 17.1.0 Build 590 10/25/2017 SJ Lite Edition
    Info: Processing started: Tue Mar 13 21:25:11 2018
Info: Command: quartus_map --read_settings_files=on --write_settings_files=off DE0_CV_Default -c DE0_CV_Default
Warning (18236): Number of processors has not been specified which may cause overloading on shared machines.  Set the global assignment NUM_PARALLEL_PROCESSORS in your QSF to an appropriate value for best performance.
Info (20029): Only one processor detected - disabling parallel compilation
Info (12021): Found 2 design units, including 1 entities, in source file /home/juanjg/Z01-FOLKS/Projetos/C-LogicaCombinacional/src/TopLevel.vhd
    Info (12022): Found design unit 1: TopLevel-rtl File: /home/juanjg/Z01-FOLKS/Projetos/C-LogicaCombinacional/src/TopLevel.vhd Line: 30
    Info (12023): Found entity 1: TopLevel File: /home/juanjg/Z01-FOLKS/Projetos/C-LogicaCombinacional/src/TopLevel.vhd Line: 20
Info (12021): Found 1 design units, including 1 entities, in source file /home/juanjg/Z01-FOLKS/Projetos/C-LogicaCombinacional/src/rtl/Or16.vhd
    Info (12023): Found entity 1: Or16 File: /home/juanjg/Z01-FOLKS/Projetos/C-LogicaCombinacional/src/rtl/Or16.vhd Line: 4
Info (12021): Found 2 design units, including 1 entities, in source file /home/juanjg/Z01-FOLKS/Projetos/C-LogicaCombinacional/src/rtl/Or8Way.vhd
    Info (12022): Found design unit 1: OR8way-OR8way_FOLKS File: /home/juanjg/Z01-FOLKS/Projetos/C-LogicaCombinacional/src/rtl/Or8Way.vhd Line: 17
    Info (12023): Found entity 1: Or8Way File: /home/juanjg/Z01-FOLKS/Projetos/C-LogicaCombinacional/src/rtl/Or8Way.vhd Line: 4
Info (12021): Found 1 design units, including 1 entities, in source file /home/juanjg/Z01-FOLKS/Projetos/C-LogicaCombinacional/src/rtl/Not16.vhd
    Info (12023): Found entity 1: Not16 File: /home/juanjg/Z01-FOLKS/Projetos/C-LogicaCombinacional/src/rtl/Not16.vhd Line: 4
Info (12021): Found 2 design units, including 1 entities, in source file /home/juanjg/Z01-FOLKS/Projetos/C-LogicaCombinacional/src/rtl/Nor8Way.vhd
    Info (12022): Found design unit 1: NOR8way-NOR8way_FOLKS File: /home/juanjg/Z01-FOLKS/Projetos/C-LogicaCombinacional/src/rtl/Nor8Way.vhd Line: 17
    Info (12023): Found entity 1: Nor8Way File: /home/juanjg/Z01-FOLKS/Projetos/C-LogicaCombinacional/src/rtl/Nor8Way.vhd Line: 4
Info (12021): Found 2 design units, including 1 entities, in source file /home/juanjg/Z01-FOLKS/Projetos/C-LogicaCombinacional/src/rtl/Nand.vhd
    Info (12022): Found design unit 1: nand_z01-rtl File: /home/juanjg/Z01-FOLKS/Projetos/C-LogicaCombinacional/src/rtl/Nand.vhd Line: 12
    Info (12023): Found entity 1: nand_z01 File: /home/juanjg/Z01-FOLKS/Projetos/C-LogicaCombinacional/src/rtl/Nand.vhd Line: 4
Info (12021): Found 1 design units, including 1 entities, in source file /home/juanjg/Z01-FOLKS/Projetos/C-LogicaCombinacional/src/rtl/Mux16.vhd
    Info (12023): Found entity 1: Mux16 File: /home/juanjg/Z01-FOLKS/Projetos/C-LogicaCombinacional/src/rtl/Mux16.vhd Line: 4
Info (12021): Found 1 design units, including 1 entities, in source file /home/juanjg/Z01-FOLKS/Projetos/C-LogicaCombinacional/src/rtl/Mux8Way16.vhd
    Info (12023): Found entity 1: Mux8Way16 File: /home/juanjg/Z01-FOLKS/Projetos/C-LogicaCombinacional/src/rtl/Mux8Way16.vhd Line: 4
Info (12021): Found 1 design units, including 1 entities, in source file /home/juanjg/Z01-FOLKS/Projetos/C-LogicaCombinacional/src/rtl/Mux8Way.vhd
    Info (12023): Found entity 1: Mux8Way File: /home/juanjg/Z01-FOLKS/Projetos/C-LogicaCombinacional/src/rtl/Mux8Way.vhd Line: 4
Info (12021): Found 1 design units, including 1 entities, in source file /home/juanjg/Z01-FOLKS/Projetos/C-LogicaCombinacional/src/rtl/Mux4Way16.vhd
    Info (12023): Found entity 1: Mux4Way16 File: /home/juanjg/Z01-FOLKS/Projetos/C-LogicaCombinacional/src/rtl/Mux4Way16.vhd Line: 4
Info (12021): Found 1 design units, including 1 entities, in source file /home/juanjg/Z01-FOLKS/Projetos/C-LogicaCombinacional/src/rtl/Mux4Way.vhd
    Info (12023): Found entity 1: Mux4Way File: /home/juanjg/Z01-FOLKS/Projetos/C-LogicaCombinacional/src/rtl/Mux4Way.vhd Line: 4
Info (12021): Found 1 design units, including 1 entities, in source file /home/juanjg/Z01-FOLKS/Projetos/C-LogicaCombinacional/src/rtl/Mux2Way.vhd
    Info (12023): Found entity 1: Mux2Way File: /home/juanjg/Z01-FOLKS/Projetos/C-LogicaCombinacional/src/rtl/Mux2Way.vhd Line: 4
Info (12021): Found 1 design units, including 1 entities, in source file /home/juanjg/Z01-FOLKS/Projetos/C-LogicaCombinacional/src/rtl/DMux8Way.vhd
    Info (12023): Found entity 1: DMux8Way File: /home/juanjg/Z01-FOLKS/Projetos/C-LogicaCombinacional/src/rtl/DMux8Way.vhd Line: 4
Info (12021): Found 1 design units, including 1 entities, in source file /home/juanjg/Z01-FOLKS/Projetos/C-LogicaCombinacional/src/rtl/DMux4Way.vhd
    Info (12023): Found entity 1: DMux4Way File: /home/juanjg/Z01-FOLKS/Projetos/C-LogicaCombinacional/src/rtl/DMux4Way.vhd Line: 4
Info (12021): Found 2 design units, including 1 entities, in source file /home/juanjg/Z01-FOLKS/Projetos/C-LogicaCombinacional/src/rtl/DMux2Way.vhd
    Info (12022): Found design unit 1: Dmux2way-Dmux2way_FOLKS File: /home/juanjg/Z01-FOLKS/Projetos/C-LogicaCombinacional/src/rtl/DMux2Way.vhd Line: 12
    Info (12023): Found entity 1: DMux2Way File: /home/juanjg/Z01-FOLKS/Projetos/C-LogicaCombinacional/src/rtl/DMux2Way.vhd Line: 4
Info (12021): Found 1 design units, including 1 entities, in source file /home/juanjg/Z01-FOLKS/Projetos/C-LogicaCombinacional/src/rtl/BarrelShifter16.vhd
    Info (12023): Found entity 1: BarrelShifter16 File: /home/juanjg/Z01-FOLKS/Projetos/C-LogicaCombinacional/src/rtl/BarrelShifter16.vhd Line: 4
Info (12021): Found 1 design units, including 1 entities, in source file /home/juanjg/Z01-FOLKS/Projetos/C-LogicaCombinacional/src/rtl/BarrelShifter8.vhd
    Info (12023): Found entity 1: BarrelShifter8 File: /home/juanjg/Z01-FOLKS/Projetos/C-LogicaCombinacional/src/rtl/BarrelShifter8.vhd Line: 4
Info (12021): Found 2 design units, including 1 entities, in source file /home/juanjg/Z01-FOLKS/Projetos/C-LogicaCombinacional/src/rtl/And16.vhd
    Info (12022): Found design unit 1: And16-And16_FOLKS File: /home/juanjg/Z01-FOLKS/Projetos/C-LogicaCombinacional/src/rtl/And16.vhd Line: 11
    Info (12023): Found entity 1: And16 File: /home/juanjg/Z01-FOLKS/Projetos/C-LogicaCombinacional/src/rtl/And16.vhd Line: 4
Info (12127): Elaborating entity "TopLevel" for the top level hierarchy
Warning (10873): Using initial value X (don't care) for net "LEDR[9..1]" at TopLevel.vhd(23) File: /home/juanjg/Z01-FOLKS/Projetos/C-LogicaCombinacional/src/TopLevel.vhd Line: 23
Warning (13024): Output pins are stuck at VCC or GND
    Warning (13410): Pin "LEDR[1]" is stuck at GND File: /home/juanjg/Z01-FOLKS/Projetos/C-LogicaCombinacional/src/TopLevel.vhd Line: 23
    Warning (13410): Pin "LEDR[2]" is stuck at GND File: /home/juanjg/Z01-FOLKS/Projetos/C-LogicaCombinacional/src/TopLevel.vhd Line: 23
    Warning (13410): Pin "LEDR[3]" is stuck at GND File: /home/juanjg/Z01-FOLKS/Projetos/C-LogicaCombinacional/src/TopLevel.vhd Line: 23
    Warning (13410): Pin "LEDR[4]" is stuck at GND File: /home/juanjg/Z01-FOLKS/Projetos/C-LogicaCombinacional/src/TopLevel.vhd Line: 23
    Warning (13410): Pin "LEDR[5]" is stuck at GND File: /home/juanjg/Z01-FOLKS/Projetos/C-LogicaCombinacional/src/TopLevel.vhd Line: 23
    Warning (13410): Pin "LEDR[6]" is stuck at GND File: /home/juanjg/Z01-FOLKS/Projetos/C-LogicaCombinacional/src/TopLevel.vhd Line: 23
    Warning (13410): Pin "LEDR[7]" is stuck at GND File: /home/juanjg/Z01-FOLKS/Projetos/C-LogicaCombinacional/src/TopLevel.vhd Line: 23
    Warning (13410): Pin "LEDR[8]" is stuck at GND File: /home/juanjg/Z01-FOLKS/Projetos/C-LogicaCombinacional/src/TopLevel.vhd Line: 23
    Warning (13410): Pin "LEDR[9]" is stuck at GND File: /home/juanjg/Z01-FOLKS/Projetos/C-LogicaCombinacional/src/TopLevel.vhd Line: 23
Info (16010): Generating hard_block partition "hard_block:auto_generated_inst"
    Info (16011): Adding 0 node(s), including 0 DDIO, 0 PLL, 0 transceiver and 0 LCELL
Warning (21074): Design contains 9 input pin(s) that do not drive logic
    Warning (15610): No output dependent on input pin "SW[1]" File: /home/juanjg/Z01-FOLKS/Projetos/C-LogicaCombinacional/src/TopLevel.vhd Line: 22
    Warning (15610): No output dependent on input pin "SW[2]" File: /home/juanjg/Z01-FOLKS/Projetos/C-LogicaCombinacional/src/TopLevel.vhd Line: 22
    Warning (15610): No output dependent on input pin "SW[3]" File: /home/juanjg/Z01-FOLKS/Projetos/C-LogicaCombinacional/src/TopLevel.vhd Line: 22
    Warning (15610): No output dependent on input pin "SW[4]" File: /home/juanjg/Z01-FOLKS/Projetos/C-LogicaCombinacional/src/TopLevel.vhd Line: 22
    Warning (15610): No output dependent on input pin "SW[5]" File: /home/juanjg/Z01-FOLKS/Projetos/C-LogicaCombinacional/src/TopLevel.vhd Line: 22
    Warning (15610): No output dependent on input pin "SW[6]" File: /home/juanjg/Z01-FOLKS/Projetos/C-LogicaCombinacional/src/TopLevel.vhd Line: 22
    Warning (15610): No output dependent on input pin "SW[7]" File: /home/juanjg/Z01-FOLKS/Projetos/C-LogicaCombinacional/src/TopLevel.vhd Line: 22
    Warning (15610): No output dependent on input pin "SW[8]" File: /home/juanjg/Z01-FOLKS/Projetos/C-LogicaCombinacional/src/TopLevel.vhd Line: 22
    Warning (15610): No output dependent on input pin "SW[9]" File: /home/juanjg/Z01-FOLKS/Projetos/C-LogicaCombinacional/src/TopLevel.vhd Line: 22
Info (21057): Implemented 20 device resources after synthesis - the final resource count might be different
    Info (21058): Implemented 10 input pins
    Info (21059): Implemented 10 output pins
Info: Quartus Prime Analysis & Synthesis was successful. 0 errors, 22 warnings
    Info: Peak virtual memory: 1026 megabytes
    Info: Processing ended: Tue Mar 13 21:25:57 2018
    Info: Elapsed time: 00:00:46
    Info: Total CPU time (on all processors): 00:00:18


